CRITICAL - 2024-10-28 16:28:03 --> RuntimeException: View themes, no current section.
[Method: GET, Route: cart]
in SYSTEMPATH\View\View.php on line 442.
 1 APPPATH\Views\cart_page.php(74): CodeIgniter\View\View->endSection('content')
 2 SYSTEMPATH\View\View.php(234): include('F:\\xampp\\htdocs\\Testing\\app\\Views\\cart_page.php')
 3 SYSTEMPATH\View\View.php(237): CodeIgniter\View\View->CodeIgniter\View\{closure}()
 4 SYSTEMPATH\Common.php(1171): CodeIgniter\View\View->render('cart_page', [], true)
 5 APPPATH\Controllers\Home.php(29): view('cart_page')
 6 SYSTEMPATH\CodeIgniter.php(933): App\Controllers\Home->cart()
 7 SYSTEMPATH\CodeIgniter.php(509): CodeIgniter\CodeIgniter->runController(Object(App\Controllers\Home))
 8 SYSTEMPATH\CodeIgniter.php(355): CodeIgniter\CodeIgniter->handleRequest(null, Object(Config\Cache), false)
 9 SYSTEMPATH\Boot.php(325): CodeIgniter\CodeIgniter->run()
10 SYSTEMPATH\Boot.php(67): CodeIgniter\Boot::runCodeIgniter(Object(CodeIgniter\CodeIgniter))
11 FCPATH\index.php(56): CodeIgniter\Boot::bootWeb(Object(Config\Paths))
CRITICAL - 2024-10-28 17:09:32 --> RuntimeException: View themes, no current section.
[Method: GET, Route: cart]
in SYSTEMPATH\View\View.php on line 442.
 1 APPPATH\Views\cart_page.php(74): CodeIgniter\View\View->endSection('content')
 2 SYSTEMPATH\View\View.php(234): include('C:\\xampp\\htdocs\\Testing\\app\\Views\\cart_page.php')
 3 SYSTEMPATH\View\View.php(237): CodeIgniter\View\View->CodeIgniter\View\{closure}()
 4 SYSTEMPATH\Common.php(1171): CodeIgniter\View\View->render('cart_page', [], true)
 5 APPPATH\Controllers\Home.php(29): view('cart_page')
 6 SYSTEMPATH\CodeIgniter.php(933): App\Controllers\Home->cart()
 7 SYSTEMPATH\CodeIgniter.php(509): CodeIgniter\CodeIgniter->runController(Object(App\Controllers\Home))
 8 SYSTEMPATH\CodeIgniter.php(355): CodeIgniter\CodeIgniter->handleRequest(null, Object(Config\Cache), false)
 9 SYSTEMPATH\Boot.php(325): CodeIgniter\CodeIgniter->run()
10 SYSTEMPATH\Boot.php(67): CodeIgniter\Boot::runCodeIgniter(Object(CodeIgniter\CodeIgniter))
11 FCPATH\index.php(56): CodeIgniter\Boot::bootWeb(Object(Config\Paths))
